<?xml version="1.0" encoding="UTF-8"?>
<testng-results skipped="0" failed="0" ignored="0" total="4" passed="4">
  <reporter-output>
  </reporter-output>
  <suite name="Suite" duration-ms="24574" started-at="2022-03-31T13:50:19 IST" finished-at="2022-03-31T13:50:44 IST">
    <groups>
    </groups>
    <test name="DargDropTest" duration-ms="11818" started-at="2022-03-31T13:50:19 IST" finished-at="2022-03-31T13:50:31 IST">
      <class name="actionExample.DragDropExample">
        <test-method status="PASS" signature="dragdropTest1()[pri:0, instance:actionExample.DragDropExample@271053e1]" name="dragdropTest1" duration-ms="11723" started-at="2022-03-31T13:50:20 IST" finished-at="2022-03-31T13:50:31 IST">
          <reporter-output>
          </reporter-output>
        </test-method> <!-- dragdropTest1 -->
      </class> <!-- actionExample.DragDropExample -->
    </test> <!-- DargDropTest -->
    <test name="DargDropTest1" duration-ms="12701" started-at="2022-03-31T13:50:31 IST" finished-at="2022-03-31T13:50:44 IST">
      <class name="actionExample.DragDropExample2">
        <test-method status="PASS" signature="dragdropTest1()[pri:0, instance:actionExample.DragDropExample2@6fc6f14e]" name="dragdropTest1" duration-ms="12699" started-at="2022-03-31T13:50:31 IST" finished-at="2022-03-31T13:50:44 IST">
          <reporter-output>
          </reporter-output>
        </test-method> <!-- dragdropTest1 -->
      </class> <!-- actionExample.DragDropExample2 -->
    </test> <!-- DargDropTest1 -->
  </suite> <!-- Suite -->
  <suite name="Suite (0)" duration-ms="14415" started-at="2022-03-31T13:50:44 IST" finished-at="2022-03-31T13:50:58 IST">
    <groups>
    </groups>
    <test name="DargDropTest" duration-ms="11385" started-at="2022-03-31T13:50:44 IST" finished-at="2022-03-31T13:50:55 IST">
      <class name="actionExample.DragDropExample">
        <test-method status="PASS" signature="dragdropTest1()[pri:0, instance:actionExample.DragDropExample@527740a2]" name="dragdropTest1" duration-ms="11383" started-at="2022-03-31T13:50:44 IST" finished-at="2022-03-31T13:50:55 IST">
          <reporter-output>
          </reporter-output>
        </test-method> <!-- dragdropTest1 -->
      </class> <!-- actionExample.DragDropExample -->
    </test> <!-- DargDropTest -->
    <test name="DargDropTest1" duration-ms="14415" started-at="2022-03-31T13:50:44 IST" finished-at="2022-03-31T13:50:58 IST">
      <class name="actionExample.DragDropExample2">
        <test-method status="PASS" signature="dragdropTest1()[pri:0, instance:actionExample.DragDropExample2@5f9d02cb]" name="dragdropTest1" duration-ms="14413" started-at="2022-03-31T13:50:44 IST" finished-at="2022-03-31T13:50:58 IST">
          <reporter-output>
          </reporter-output>
        </test-method> <!-- dragdropTest1 -->
      </class> <!-- actionExample.DragDropExample2 -->
    </test> <!-- DargDropTest1 -->
  </suite> <!-- Suite (0) -->
</testng-results>
