<?xml version="1.0" encoding="UTF-8"?>
<testng-results ignored="0" total="7" passed="7" failed="0" skipped="0">
  <reporter-output>
  </reporter-output>
  <suite started-at="2022-04-02T14:17:24 IST" name="Default suite" finished-at="2022-04-02T14:18:22 IST" duration-ms="57858">
    <groups>
    </groups>
    <test started-at="2022-04-02T14:17:24 IST" name="Default test" finished-at="2022-04-02T14:18:22 IST" duration-ms="57858">
      <class name="appiumAutomation.MobileAutomation_RealDevice_DriverMethod">
        <test-method is-config="true" signature="setup()[pri:0, instance:appiumAutomation.MobileAutomation_RealDevice_DriverMethod@a530d0a]" started-at="2022-04-02T14:17:24 IST" name="setup" finished-at="2022-04-02T14:17:33 IST" duration-ms="9204" status="PASS">
          <reporter-output>
          </reporter-output>
        </test-method> <!-- setup -->
        <test-method signature="verifyApplictionDetails()[pri:0, instance:appiumAutomation.MobileAutomation_RealDevice_DriverMethod@a530d0a]" started-at="2022-04-02T14:17:33 IST" name="verifyApplictionDetails" finished-at="2022-04-02T14:17:37 IST" duration-ms="4287" status="PASS">
          <reporter-output>
          </reporter-output>
        </test-method> <!-- verifyApplictionDetails -->
        <test-method signature="verifyDeviceLocation()[pri:0, instance:appiumAutomation.MobileAutomation_RealDevice_DriverMethod@a530d0a]" started-at="2022-04-02T14:17:37 IST" name="verifyDeviceLocation" finished-at="2022-04-02T14:17:42 IST" duration-ms="4686" status="PASS">
          <reporter-output>
          </reporter-output>
        </test-method> <!-- verifyDeviceLocation -->
        <test-method signature="verifyDeviceLocked()[pri:0, instance:appiumAutomation.MobileAutomation_RealDevice_DriverMethod@a530d0a]" started-at="2022-04-02T14:17:42 IST" name="verifyDeviceLocked" finished-at="2022-04-02T14:17:46 IST" duration-ms="4228" status="PASS">
          <reporter-output>
          </reporter-output>
        </test-method> <!-- verifyDeviceLocked -->
        <test-method signature="verifyDeviceOrientation()[pri:0, instance:appiumAutomation.MobileAutomation_RealDevice_DriverMethod@a530d0a]" started-at="2022-04-02T14:17:46 IST" name="verifyDeviceOrientation" finished-at="2022-04-02T14:17:50 IST" duration-ms="4048" status="PASS">
          <reporter-output>
          </reporter-output>
        </test-method> <!-- verifyDeviceOrientation -->
        <test-method signature="verifyViewFeature()[pri:0, instance:appiumAutomation.MobileAutomation_RealDevice_DriverMethod@a530d0a]" started-at="2022-04-02T14:17:50 IST" name="verifyViewFeature" finished-at="2022-04-02T14:17:55 IST" duration-ms="4992" status="PASS">
          <reporter-output>
          </reporter-output>
        </test-method> <!-- verifyViewFeature -->
        <test-method signature="verifyBatteryState()[pri:1, instance:appiumAutomation.MobileAutomation_RealDevice_DriverMethod@a530d0a]" started-at="2022-04-02T14:17:55 IST" name="verifyBatteryState" finished-at="2022-04-02T14:18:00 IST" duration-ms="4169" status="PASS">
          <reporter-output>
          </reporter-output>
        </test-method> <!-- verifyBatteryState -->
        <test-method signature="verifyLockDeviceFeature()[pri:4, instance:appiumAutomation.MobileAutomation_RealDevice_DriverMethod@a530d0a]" started-at="2022-04-02T14:18:00 IST" name="verifyLockDeviceFeature" finished-at="2022-04-02T14:18:05 IST" duration-ms="5421" status="PASS">
          <reporter-output>
          </reporter-output>
        </test-method> <!-- verifyLockDeviceFeature -->
        <test-method is-config="true" signature="closeApp()[pri:0, instance:appiumAutomation.MobileAutomation_RealDevice_DriverMethod@a530d0a]" started-at="2022-04-02T14:18:05 IST" name="closeApp" finished-at="2022-04-02T14:18:22 IST" duration-ms="16730" status="FAIL">
          <exception class="org.openqa.selenium.UnsupportedCommandException">
            <message>
              <![CDATA[The requested resource could not be found, or a request was received using an HTTP method that is not supported by the mapped resource
Build info: version: '3.141.59', revision: 'e82be7d358', time: '2018-11-14T08:17:03'
System info: host: 'DESKTOP-H0PI4DT', ip: '192.168.1.5', os.name: 'Windows 10', os.arch: 'amd64', os.version: '10.0', java.version: '16.0.2'
Driver info: io.appium.java_client.android.AndroidDriver
Capabilities {app: D:\Jar_files\ApiDemos-debug..., appPackage: io.appium.android.apis, automationName: UiAutomator2, databaseEnabled: false, desired: {app: D:\Jar_files\ApiDemos-debug..., automationName: UiAutomator2, deviceName: RajeshMachine, noReset: true, platformName: android, platformVersion: 11.0, udid: c60c1a73}, deviceApiLevel: 30, deviceManufacturer: OPPO, deviceModel: CPH2263, deviceName: c60c1a73, deviceScreenDensity: 480, deviceScreenSize: 1080x2400, deviceUDID: c60c1a73, javascriptEnabled: true, locationContextEnabled: false, networkConnectionEnabled: true, noReset: true, pixelRatio: 3, platform: LINUX, platformName: Android, platformVersion: 11, statBarHeight: 110, takesScreenshot: true, udid: c60c1a73, viewportRect: {height: 2048, left: 0, top: 110, width: 1080}, warnings: {}, webStorageEnabled: false}
Session ID: 3d0f87ad-1116-4480-a3c4-5efce35a7815]]>
            </message>
            <full-stacktrace>
              <![CDATA[org.openqa.selenium.UnsupportedCommandException: The requested resource could not be found, or a request was received using an HTTP method that is not supported by the mapped resource
Build info: version: '3.141.59', revision: 'e82be7d358', time: '2018-11-14T08:17:03'
System info: host: 'DESKTOP-H0PI4DT', ip: '192.168.1.5', os.name: 'Windows 10', os.arch: 'amd64', os.version: '10.0', java.version: '16.0.2'
Driver info: io.appium.java_client.android.AndroidDriver
Capabilities {app: D:\Jar_files\ApiDemos-debug..., appPackage: io.appium.android.apis, automationName: UiAutomator2, databaseEnabled: false, desired: {app: D:\Jar_files\ApiDemos-debug..., automationName: UiAutomator2, deviceName: RajeshMachine, noReset: true, platformName: android, platformVersion: 11.0, udid: c60c1a73}, deviceApiLevel: 30, deviceManufacturer: OPPO, deviceModel: CPH2263, deviceName: c60c1a73, deviceScreenDensity: 480, deviceScreenSize: 1080x2400, deviceUDID: c60c1a73, javascriptEnabled: true, locationContextEnabled: false, networkConnectionEnabled: true, noReset: true, pixelRatio: 3, platform: LINUX, platformName: Android, platformVersion: 11, statBarHeight: 110, takesScreenshot: true, udid: c60c1a73, viewportRect: {height: 2048, left: 0, top: 110, width: 1080}, warnings: {}, webStorageEnabled: false}
Session ID: 3d0f87ad-1116-4480-a3c4-5efce35a7815
at java.base/jdk.internal.reflect.NativeConstructorAccessorImpl.newInstance0(Native Method)
at java.base/jdk.internal.reflect.NativeConstructorAccessorImpl.newInstance(NativeConstructorAccessorImpl.java:78)
at java.base/jdk.internal.reflect.DelegatingConstructorAccessorImpl.newInstance(DelegatingConstructorAccessorImpl.java:45)
at java.base/java.lang.reflect.Constructor.newInstanceWithCaller(Constructor.java:499)
at java.base/java.lang.reflect.Constructor.newInstance(Constructor.java:480)
at org.openqa.selenium.remote.http.W3CHttpResponseCodec.createException(W3CHttpResponseCodec.java:187)
at org.openqa.selenium.remote.http.W3CHttpResponseCodec.decode(W3CHttpResponseCodec.java:122)
at org.openqa.selenium.remote.http.W3CHttpResponseCodec.decode(W3CHttpResponseCodec.java:49)
at org.openqa.selenium.remote.HttpCommandExecutor.execute(HttpCommandExecutor.java:158)
at io.appium.java_client.remote.AppiumCommandExecutor.execute(AppiumCommandExecutor.java:247)
at org.openqa.selenium.remote.RemoteWebDriver.execute(RemoteWebDriver.java:552)
at io.appium.java_client.DefaultGenericMobileDriver.execute(DefaultGenericMobileDriver.java:45)
at io.appium.java_client.AppiumDriver.execute(AppiumDriver.java:1)
at io.appium.java_client.android.AndroidDriver.execute(AndroidDriver.java:1)
at org.openqa.selenium.remote.RemoteWebDriver.close(RemoteWebDriver.java:442)
at appiumAutomation.MobileAutomation_RealDevice_DriverMethod.closeApp(MobileAutomation_RealDevice_DriverMethod.java:140)
at java.base/jdk.internal.reflect.NativeMethodAccessorImpl.invoke0(Native Method)
at java.base/jdk.internal.reflect.NativeMethodAccessorImpl.invoke(NativeMethodAccessorImpl.java:78)
at java.base/jdk.internal.reflect.DelegatingMethodAccessorImpl.invoke(DelegatingMethodAccessorImpl.java:43)
at java.base/java.lang.reflect.Method.invoke(Method.java:567)
at org.testng.internal.MethodInvocationHelper.invokeMethod(MethodInvocationHelper.java:133)
at org.testng.internal.MethodInvocationHelper.invokeMethodConsideringTimeout(MethodInvocationHelper.java:62)
at org.testng.internal.ConfigInvoker.invokeConfigurationMethod(ConfigInvoker.java:385)
at org.testng.internal.ConfigInvoker.invokeConfigurations(ConfigInvoker.java:321)
at org.testng.TestRunner.invokeTestConfigurations(TestRunner.java:637)
at org.testng.TestRunner.afterRun(TestRunner.java:877)
at org.testng.TestRunner.run(TestRunner.java:599)
at org.testng.SuiteRunner.runTest(SuiteRunner.java:377)
at org.testng.SuiteRunner.runSequentially(SuiteRunner.java:371)
at org.testng.SuiteRunner.privateRun(SuiteRunner.java:332)
at org.testng.SuiteRunner.run(SuiteRunner.java:276)
at org.testng.SuiteRunnerWorker.runSuite(SuiteRunnerWorker.java:53)
at org.testng.SuiteRunnerWorker.run(SuiteRunnerWorker.java:96)
at org.testng.TestNG.runSuitesSequentially(TestNG.java:1212)
at org.testng.TestNG.runSuitesLocally(TestNG.java:1134)
at org.testng.TestNG.runSuites(TestNG.java:1063)
at org.testng.TestNG.run(TestNG.java:1031)
at org.testng.remote.AbstractRemoteTestNG.run(AbstractRemoteTestNG.java:115)
at org.testng.remote.RemoteTestNG.initAndRun(RemoteTestNG.java:251)
at org.testng.remote.RemoteTestNG.main(RemoteTestNG.java:77)
]]>
            </full-stacktrace>
          </exception> <!-- org.openqa.selenium.UnsupportedCommandException -->
          <reporter-output>
          </reporter-output>
        </test-method> <!-- closeApp -->
      </class> <!-- appiumAutomation.MobileAutomation_RealDevice_DriverMethod -->
    </test> <!-- Default test -->
  </suite> <!-- Default suite -->
</testng-results>
